[debug] [2017-11-14T01:12:54.034Z] ----------------------------------------------------------------------
[debug] [2017-11-14T01:12:54.037Z] Command:       /usr/local/bin/node /usr/local/bin/firebase serve
[debug] [2017-11-14T01:12:54.038Z] CLI Version:   3.13.1
[debug] [2017-11-14T01:12:54.038Z] Platform:      darwin
[debug] [2017-11-14T01:12:54.038Z] Node Version:  v6.10.2
[debug] [2017-11-14T01:12:54.039Z] Time:          Mon Nov 13 2017 17:12:54 GMT-0800 (PST)
[debug] [2017-11-14T01:12:54.039Z] ----------------------------------------------------------------------
[debug] 
[debug] [2017-11-14T01:12:54.055Z] > command requires scopes: ["email","openid","https://www.googleapis.com/auth/cloudplatformprojects.readonly","https://www.googleapis.com/auth/firebase","https://www.googleapis.com/auth/cloud-platform"]
[debug] [2017-11-14T01:12:54.056Z] > authorizing via signed-in user
[debug] [2017-11-14T01:12:54.058Z] > refreshing access token with scopes: ["email","https://www.googleapis.com/auth/cloud-platform","https://www.googleapis.com/auth/cloudplatformprojects.readonly","https://www.googleapis.com/auth/firebase","openid"]
[debug] [2017-11-14T01:12:54.058Z] >>> HTTP REQUEST POST https://www.googleapis.com/oauth2/v3/token { refresh_token: '1/6QiIT0uIlYlIzjhrIKoJRi7nbaAziNb-QegbIwx0YjM',
  client_id: '563584335869-fgrhgmd47bqnekij5i8b5pr03ho849e6.apps.googleusercontent.com',
  client_secret: 'j9iVZfS8kkCEFUPaAeJV0sAi',
  grant_type: 'refresh_token',
  scope: 'email https://www.googleapis.com/auth/cloud-platform https://www.googleapis.com/auth/cloudplatformprojects.readonly https://www.googleapis.com/auth/firebase openid' } 
 Mon Nov 13 2017 17:12:54 GMT-0800 (PST)
[debug] [2017-11-14T01:12:54.199Z] <<< HTTP RESPONSE 200
[debug] [2017-11-14T01:12:54.203Z] >>> HTTP REQUEST GET https://admin.firebase.com/v1/projects/famwe-2  
 Mon Nov 13 2017 17:12:54 GMT-0800 (PST)
[debug] [2017-11-14T01:12:54.567Z] <<< HTTP RESPONSE 200
[debug] [2017-11-14T01:12:54.568Z] >>> HTTP REQUEST GET https://admin.firebase.com/v1/database/famwe-2/tokens  
 Mon Nov 13 2017 17:12:54 GMT-0800 (PST)
[debug] [2017-11-14T01:12:54.979Z] <<< HTTP RESPONSE 200
[info] 
[info] === Serving from '/Users/Vanna/FAMwe'...
[info] 
[debug] [2017-11-14T01:12:54.984Z] >>> HTTP REQUEST GET https://cloudresourcemanager.googleapis.com/v1/projects/famwe-2  
 Mon Nov 13 2017 17:12:54 GMT-0800 (PST)
[debug] [2017-11-14T01:12:55.367Z] <<< HTTP RESPONSE 200
[debug] [2017-11-14T01:12:55.368Z] >>> HTTP REQUEST GET https://mobilesdk-pa.googleapis.com/v1/projects/705362262927/clients/_:getWebAppConfig  
 Mon Nov 13 2017 17:12:55 GMT-0800 (PST)
[debug] [2017-11-14T01:12:55.669Z] <<< HTTP RESPONSE 200
[info] i  hosting: Serving hosting files from: public
[info] ✔  hosting: Local server: http://localhost:5000

